<?xml version="1.0" encoding="UTF-8"?>
<coverage generated="1711624693514" clover="3.2.0">
  <project timestamp="1711624693514" name="All files">
    <metrics statements="139" coveredstatements="127" conditionals="116" coveredconditionals="97" methods="35" coveredmethods="31" elements="290" coveredelements="255" complexity="0" loc="139" ncloc="139" packages="6" files="13" classes="13"/>
    <package name="components.button">
      <metrics statements="83" coveredstatements="83" conditionals="76" coveredconditionals="72" methods="20" coveredmethods="20"/>
      <file name="button.vue" path="/home/michael/dev/x_project/ui/src/components/button/button.vue">
        <metrics statements="20" coveredstatements="20" conditionals="19" coveredconditionals="19" methods="6" coveredmethods="6"/>
        <line num="27" count="44" type="stmt"/>
        <line num="66" count="44" type="stmt"/>
        <line num="70" count="44" type="stmt"/>
        <line num="72" count="44" type="stmt"/>
        <line num="73" count="44" type="cond" truecount="2" falsecount="0"/>
        <line num="76" count="44" type="stmt"/>
        <line num="77" count="44" type="stmt"/>
        <line num="78" count="44" type="cond" truecount="2" falsecount="0"/>
        <line num="79" count="44" type="cond" truecount="2" falsecount="0"/>
        <line num="81" count="44" type="cond" truecount="3" falsecount="0"/>
        <line num="84" count="44" type="stmt"/>
        <line num="85" count="44" type="stmt"/>
        <line num="96" count="44" type="stmt"/>
        <line num="98" count="3" type="stmt"/>
        <line num="101" count="44" type="stmt"/>
        <line num="103" count="44" type="cond" truecount="4" falsecount="0"/>
        <line num="104" count="1" type="stmt"/>
        <line num="113" count="44" type="stmt"/>
        <line num="122" count="44" type="stmt"/>
        <line num="124" count="1" type="stmt"/>
      </file>
      <file name="constants.ts" path="/home/michael/dev/x_project/ui/src/components/button/constants.ts">
        <metrics statements="16" coveredstatements="16" conditionals="0" coveredconditionals="0" methods="0" coveredmethods="0"/>
        <line num="1" count="1" type="stmt"/>
        <line num="4" count="1" type="stmt"/>
        <line num="12" count="1" type="stmt"/>
        <line num="15" count="1" type="stmt"/>
        <line num="23" count="1" type="stmt"/>
        <line num="34" count="1" type="stmt"/>
        <line num="69" count="1" type="stmt"/>
        <line num="71" count="1" type="stmt"/>
        <line num="74" count="1" type="stmt"/>
        <line num="76" count="1" type="stmt"/>
        <line num="77" count="1" type="stmt"/>
        <line num="79" count="1" type="stmt"/>
        <line num="80" count="1" type="stmt"/>
        <line num="83" count="1" type="stmt"/>
        <line num="85" count="1" type="stmt"/>
        <line num="89" count="1" type="stmt"/>
      </file>
      <file name="use_button.ts" path="/home/michael/dev/x_project/ui/src/components/button/use_button.ts">
        <metrics statements="47" coveredstatements="47" conditionals="57" coveredconditionals="53" methods="14" coveredmethods="14"/>
        <line num="48" count="44" type="stmt"/>
        <line num="50" count="44" type="stmt"/>
        <line num="52" count="44" type="stmt"/>
        <line num="53" count="44" type="stmt"/>
        <line num="54" count="44" type="stmt"/>
        <line num="55" count="44" type="stmt"/>
        <line num="57" count="44" type="cond" truecount="2" falsecount="0"/>
        <line num="59" count="44" type="stmt"/>
        <line num="60" count="44" type="stmt"/>
        <line num="62" count="44" type="cond" truecount="3" falsecount="1"/>
        <line num="65" count="44" type="stmt"/>
        <line num="66" count="44" type="stmt"/>
        <line num="68" count="44" type="stmt"/>
        <line num="70" count="44" type="cond" truecount="1" falsecount="1"/>
        <line num="72" count="44" type="cond" truecount="2" falsecount="0"/>
        <line num="75" count="44" type="stmt"/>
        <line num="76" count="45" type="cond" truecount="3" falsecount="1"/>
        <line num="79" count="44" type="stmt"/>
        <line num="80" count="44" type="stmt"/>
        <line num="81" count="44" type="stmt"/>
        <line num="83" count="44" type="cond" truecount="2" falsecount="0"/>
        <line num="86" count="44" type="stmt"/>
        <line num="87" count="44" type="cond" truecount="5" falsecount="0"/>
        <line num="92" count="44" type="stmt"/>
        <line num="93" count="44" type="cond" truecount="6" falsecount="0"/>
        <line num="100" count="44" type="stmt"/>
        <line num="101" count="44" type="stmt"/>
        <line num="103" count="44" type="cond" truecount="4" falsecount="0"/>
        <line num="106" count="44" type="stmt"/>
        <line num="107" count="44" type="stmt"/>
        <line num="109" count="44" type="cond" truecount="2" falsecount="0"/>
        <line num="110" count="34" type="stmt"/>
        <line num="113" count="10" type="cond" truecount="6" falsecount="0"/>
        <line num="116" count="44" type="cond" truecount="2" falsecount="0"/>
        <line num="119" count="2" type="cond" truecount="2" falsecount="0"/>
        <line num="123" count="4" type="cond" truecount="4" falsecount="0"/>
        <line num="124" count="2" type="stmt"/>
        <line num="127" count="2" type="stmt"/>
        <line num="129" count="2" type="cond" truecount="2" falsecount="0"/>
        <line num="130" count="1" type="stmt"/>
        <line num="133" count="2" type="cond" truecount="2" falsecount="0"/>
        <line num="134" count="1" type="stmt"/>
        <line num="139" count="2" type="stmt"/>
        <line num="141" count="2" type="cond" truecount="5" falsecount="0"/>
        <line num="142" count="1" type="stmt"/>
        <line num="146" count="44" type="stmt"/>
        <line num="161" count="44" type="stmt"/>
      </file>
    </package>
    <package name="components.button.utils">
      <metrics statements="1" coveredstatements="1" conditionals="12" coveredconditionals="12" methods="1" coveredmethods="1"/>
      <file name="build_button_classes.ts" path="/home/michael/dev/x_project/ui/src/components/button/utils/build_button_classes.ts">
        <metrics statements="1" coveredstatements="1" conditionals="12" coveredconditionals="12" methods="1" coveredmethods="1"/>
        <line num="39" count="68" type="stmt"/>
      </file>
    </package>
    <package name="components.icon">
      <metrics statements="11" coveredstatements="11" conditionals="2" coveredconditionals="1" methods="3" coveredmethods="3"/>
      <file name="constants.ts" path="/home/michael/dev/x_project/ui/src/components/icon/constants.ts">
        <metrics statements="4" coveredstatements="4" conditionals="0" coveredconditionals="0" methods="0" coveredmethods="0"/>
        <line num="3" count="1" type="stmt"/>
        <line num="5" count="1" type="stmt"/>
        <line num="8" count="1" type="stmt"/>
        <line num="11" count="1" type="stmt"/>
      </file>
      <file name="icon.vue" path="/home/michael/dev/x_project/ui/src/components/icon/icon.vue">
        <metrics statements="7" coveredstatements="7" conditionals="2" coveredconditionals="1" methods="3" coveredmethods="3"/>
        <line num="1" count="2" type="stmt"/>
        <line num="11" count="4" type="stmt"/>
        <line num="26" count="4" type="stmt"/>
        <line num="27" count="4" type="stmt"/>
        <line num="28" count="4" type="stmt"/>
        <line num="29" count="4" type="cond" truecount="1" falsecount="1"/>
        <line num="34" count="4" type="stmt"/>
      </file>
    </package>
    <package name="components.loading">
      <metrics statements="7" coveredstatements="7" conditionals="0" coveredconditionals="0" methods="1" coveredmethods="1"/>
      <file name="constants.ts" path="/home/michael/dev/x_project/ui/src/components/loading/constants.ts">
        <metrics statements="3" coveredstatements="3" conditionals="0" coveredconditionals="0" methods="0" coveredmethods="0"/>
        <line num="1" count="1" type="stmt"/>
        <line num="4" count="1" type="stmt"/>
        <line num="12" count="1" type="stmt"/>
      </file>
      <file name="loading.vue" path="/home/michael/dev/x_project/ui/src/components/loading/loading.vue">
        <metrics statements="4" coveredstatements="4" conditionals="0" coveredconditionals="0" methods="1" coveredmethods="1"/>
        <line num="1" count="1" type="stmt"/>
        <line num="10" count="1" type="stmt"/>
        <line num="24" count="1" type="stmt"/>
        <line num="28" count="1" type="stmt"/>
      </file>
    </package>
    <package name="components.tooltip">
      <metrics statements="19" coveredstatements="12" conditionals="12" coveredconditionals="3" methods="5" coveredmethods="1"/>
      <file name="tooltip.vue" path="/home/michael/dev/x_project/ui/src/components/tooltip/tooltip.vue">
        <metrics statements="14" coveredstatements="12" conditionals="10" coveredconditionals="3" methods="3" coveredmethods="1"/>
        <line num="1" count="1" type="stmt"/>
        <line num="21" count="44" type="stmt"/>
        <line num="23" count="44" type="stmt"/>
        <line num="25" count="44" type="stmt"/>
        <line num="26" count="44" type="stmt"/>
        <line num="27" count="44" type="stmt"/>
        <line num="29" count="44" type="stmt"/>
        <line num="35" count="44" type="stmt"/>
        <line num="46" count="44" type="stmt"/>
        <line num="47" count="44" type="stmt"/>
        <line num="50" count="44" type="stmt"/>
        <line num="51" count="0" type="stmt"/>
        <line num="54" count="44" type="stmt"/>
        <line num="55" count="0" type="stmt"/>
      </file>
      <file name="tooltip_arrow.vue" path="/home/michael/dev/x_project/ui/src/components/tooltip/tooltip_arrow.vue">
        <metrics statements="5" coveredstatements="0" conditionals="2" coveredconditionals="0" methods="2" coveredmethods="0"/>
        <line num="9" count="0" type="stmt"/>
        <line num="11" count="0" type="stmt"/>
        <line num="13" count="0" type="stmt"/>
        <line num="14" count="0" type="cond" truecount="0" falsecount="2"/>
        <line num="15" count="0" type="stmt"/>
      </file>
    </package>
    <package name="utils">
      <metrics statements="18" coveredstatements="13" conditionals="14" coveredconditionals="9" methods="5" coveredmethods="5"/>
      <file name="constants.ts" path="/home/michael/dev/x_project/ui/src/utils/constants.ts">
        <metrics statements="2" coveredstatements="2" conditionals="0" coveredconditionals="0" methods="0" coveredmethods="0"/>
        <line num="1" count="1" type="stmt"/>
        <line num="10" count="1" type="stmt"/>
      </file>
      <file name="contains.ts" path="/home/michael/dev/x_project/ui/src/utils/contains.ts">
        <metrics statements="1" coveredstatements="1" conditionals="0" coveredconditionals="0" methods="2" coveredmethods="2"/>
        <line num="5" count="1271" type="stmt"/>
      </file>
      <file name="isEmpty.ts" path="/home/michael/dev/x_project/ui/src/utils/isEmpty.ts">
        <metrics statements="15" coveredstatements="10" conditionals="14" coveredconditionals="9" methods="3" coveredmethods="3"/>
        <line num="4" count="3" type="stmt"/>
        <line num="8" count="3" type="stmt"/>
        <line num="9" count="3" type="cond" truecount="1" falsecount="1"/>
        <line num="10" count="0" type="stmt"/>
        <line num="13" count="3" type="cond" truecount="1" falsecount="1"/>
        <line num="14" count="0" type="stmt"/>
        <line num="17" count="3" type="cond" truecount="4" falsecount="0"/>
        <line num="18" count="1" type="stmt"/>
        <line num="21" count="2" type="cond" truecount="2" falsecount="0"/>
        <line num="22" count="1" type="cond" truecount="1" falsecount="1"/>
        <line num="23" count="1" type="stmt"/>
        <line num="26" count="0" type="cond" truecount="0" falsecount="2"/>
        <line num="27" count="0" type="stmt"/>
        <line num="30" count="0" type="stmt"/>
        <line num="33" count="1" type="stmt"/>
      </file>
    </package>
  </project>
</coverage>
