{"/home/michael/dev/x_project/ui/src/components/button/button.vue": {"path":"/home/michael/dev/x_project/ui/src/components/button/button.vue","statementMap":{"0":{"start":{"line":27,"column":14},"end":{"line":27,"column":null}},"1":{"start":{"line":66,"column":14},"end":{"line":66,"column":null}},"2":{"start":{"line":70,"column":14},"end":{"line":70,"column":null}},"3":{"start":{"line":72,"column":19},"end":{"line":74,"column":null}},"4":{"start":{"line":73,"column":8},"end":{"line":73,"column":null}},"5":{"start":{"line":76,"column":20},"end":{"line":82,"column":null}},"6":{"start":{"line":77,"column":25},"end":{"line":77,"column":null}},"7":{"start":{"line":78,"column":30},"end":{"line":78,"column":null}},"8":{"start":{"line":79,"column":31},"end":{"line":79,"column":null}},"9":{"start":{"line":81,"column":2},"end":{"line":81,"column":null}},"10":{"start":{"line":84,"column":16},"end":{"line":94,"column":null}},"11":{"start":{"line":85,"column":2},"end":{"line":93,"column":null}},"12":{"start":{"line":96,"column":28},"end":{"line":99,"column":null}},"13":{"start":{"line":98,"column":24},"end":{"line":98,"column":null}},"14":{"start":{"line":101,"column":0},"end":{"line":109,"column":null}},"15":{"start":{"line":103,"column":4},"end":{"line":105,"column":null}},"16":{"start":{"line":104,"column":6},"end":{"line":104,"column":null}},"17":{"start":{"line":124,"column":14},"end":{"line":124,"column":null}},"18":{"start":{"line":113,"column":2},"end":{"line":1,"column":null}},"19":{"start":{"line":122,"column":15},"end":{"line":1,"column":null}},"20":{"start":{"line":122,"column":15},"end":{"line":121,"column":null}}},"fnMap":{"0":{"name":"(anonymous_5)","decl":{"start":{"line":73,"column":2},"end":{"line":73,"column":8}},"loc":{"start":{"line":73,"column":8},"end":{"line":73,"column":null}}},"1":{"name":"(anonymous_6)","decl":{"start":{"line":76,"column":38},"end":{"line":76,"column":44}},"loc":{"start":{"line":76,"column":44},"end":{"line":82,"column":1}}},"2":{"name":"(anonymous_7)","decl":{"start":{"line":84,"column":25},"end":{"line":84,"column":null}},"loc":{"start":{"line":85,"column":2},"end":{"line":93,"column":null}}},"3":{"name":"(anonymous_8)","decl":{"start":{"line":98,"column":13},"end":{"line":98,"column":14}},"loc":{"start":{"line":98,"column":24},"end":{"line":98,"column":null}}},"4":{"name":"(anonymous_9)","decl":{"start":{"line":102,"column":2},"end":{"line":102,"column":8}},"loc":{"start":{"line":102,"column":8},"end":{"line":106,"column":null}}},"5":{"name":"(anonymous_15)","decl":{"start":{"line":120,"column":8},"end":{"line":120,"column":20}},"loc":{"start":{"line":122,"column":15},"end":{"line":1,"column":null}}}},"branchMap":{"0":{"loc":{"start":{"line":73,"column":8},"end":{"line":73,"column":null}},"type":"binary-expr","locations":[{"start":{"line":73,"column":8},"end":{"line":73,"column":27}},{"start":{"line":73,"column":27},"end":{"line":73,"column":null}}]},"1":{"loc":{"start":{"line":78,"column":30},"end":{"line":78,"column":null}},"type":"binary-expr","locations":[{"start":{"line":78,"column":30},"end":{"line":78,"column":53}},{"start":{"line":78,"column":53},"end":{"line":78,"column":null}}]},"2":{"loc":{"start":{"line":79,"column":31},"end":{"line":79,"column":null}},"type":"binary-expr","locations":[{"start":{"line":79,"column":31},"end":{"line":79,"column":53}},{"start":{"line":79,"column":53},"end":{"line":79,"column":null}}]},"3":{"loc":{"start":{"line":81,"column":9},"end":{"line":81,"column":null}},"type":"binary-expr","locations":[{"start":{"line":81,"column":9},"end":{"line":81,"column":28}},{"start":{"line":81,"column":28},"end":{"line":81,"column":51}},{"start":{"line":81,"column":51},"end":{"line":81,"column":null}}]},"4":{"loc":{"start":{"line":103,"column":4},"end":{"line":105,"column":null}},"type":"if","locations":[{"start":{"line":103,"column":4},"end":{"line":105,"column":null}},{"start":{"line":103,"column":4},"end":{"line":105,"column":null}}]},"5":{"loc":{"start":{"line":103,"column":8},"end":{"line":103,"column":47}},"type":"binary-expr","locations":[{"start":{"line":103,"column":8},"end":{"line":103,"column":29}},{"start":{"line":103,"column":29},"end":{"line":103,"column":47}}]},"6":{"loc":{"start":{"line":120,"column":20},"end":{"line":1,"column":null}},"type":"cond-expr","locations":[{"start":{"line":120,"column":8},"end":{"line":121,"column":null}},{"start":{"line":1,"column":0},"end":{"line":1,"column":null}}]},"7":{"loc":{"start":{"line":123,"column":20},"end":{"line":1,"column":null}},"type":"cond-expr","locations":[{"start":{"line":123,"column":20},"end":{"line":123,"column":55}},{"start":{"line":1,"column":0},"end":{"line":1,"column":null}}]},"8":{"loc":{"start":{"line":127,"column":20},"end":{"line":1,"column":null}},"type":"cond-expr","locations":[{"start":{"line":127,"column":20},"end":{"line":127,"column":57}},{"start":{"line":1,"column":0},"end":{"line":1,"column":null}}]}},"s":{"0":44,"1":44,"2":44,"3":44,"4":44,"5":44,"6":44,"7":44,"8":44,"9":44,"10":44,"11":44,"12":44,"13":3,"14":44,"15":44,"16":1,"17":1,"18":44,"19":44,"20":1},"f":{"0":44,"1":44,"2":44,"3":3,"4":44,"5":45},"b":{"0":[44,2],"1":[44,3],"2":[44,41],"3":[44,43,40],"4":[1,43],"5":[44,4],"6":[1,43],"7":[3,41],"8":[1,43]}}
,"/home/michael/dev/x_project/ui/src/components/button/constants.ts": {"path":"/home/michael/dev/x_project/ui/src/components/button/constants.ts","statementMap":{"0":{"start":{"line":1,"column":28},"end":{"line":1,"column":null}},"1":{"start":{"line":4,"column":31},"end":{"line":9,"column":null}},"2":{"start":{"line":12,"column":29},"end":{"line":12,"column":null}},"3":{"start":{"line":15,"column":65},"end":{"line":21,"column":null}},"4":{"start":{"line":23,"column":70},"end":{"line":29,"column":null}},"5":{"start":{"line":34,"column":4},"end":{"line":67,"column":null}},"6":{"start":{"line":69,"column":36},"end":{"line":69,"column":null}},"7":{"start":{"line":71,"column":36},"end":{"line":71,"column":null}},"8":{"start":{"line":74,"column":2},"end":{"line":74,"column":null}},"9":{"start":{"line":76,"column":42},"end":{"line":76,"column":null}},"10":{"start":{"line":77,"column":39},"end":{"line":77,"column":null}},"11":{"start":{"line":79,"column":44},"end":{"line":79,"column":null}},"12":{"start":{"line":80,"column":36},"end":{"line":80,"column":null}},"13":{"start":{"line":83,"column":2},"end":{"line":83,"column":null}},"14":{"start":{"line":85,"column":31},"end":{"line":87,"column":null}},"15":{"start":{"line":89,"column":28},"end":{"line":93,"column":null}}},"fnMap":{},"branchMap":{},"s":{"0":1,"1":1,"2":1,"3":1,"4":1,"5":1,"6":1,"7":1,"8":1,"9":1,"10":1,"11":1,"12":1,"13":1,"14":1,"15":1},"f":{},"b":{}}
,"/home/michael/dev/x_project/ui/src/components/button/use_button.ts": {"path":"/home/michael/dev/x_project/ui/src/components/button/use_button.ts","statementMap":{"0":{"start":{"line":48,"column":24},"end":{"line":48,"column":null}},"1":{"start":{"line":50,"column":17},"end":{"line":50,"column":null}},"2":{"start":{"line":52,"column":27},"end":{"line":52,"column":null}},"3":{"start":{"line":53,"column":15},"end":{"line":53,"column":null}},"4":{"start":{"line":54,"column":13},"end":{"line":54,"column":null}},"5":{"start":{"line":55,"column":20},"end":{"line":55,"column":null}},"6":{"start":{"line":57,"column":17},"end":{"line":57,"column":null}},"7":{"start":{"line":57,"column":41},"end":{"line":57,"column":67}},"8":{"start":{"line":59,"column":13},"end":{"line":63,"column":null}},"9":{"start":{"line":60,"column":15},"end":{"line":60,"column":null}},"10":{"start":{"line":62,"column":4},"end":{"line":62,"column":null}},"11":{"start":{"line":65,"column":25},"end":{"line":73,"column":null}},"12":{"start":{"line":66,"column":17},"end":{"line":66,"column":null}},"13":{"start":{"line":68,"column":21},"end":{"line":68,"column":null}},"14":{"start":{"line":70,"column":6},"end":{"line":70,"column":null}},"15":{"start":{"line":72,"column":4},"end":{"line":72,"column":null}},"16":{"start":{"line":75,"column":18},"end":{"line":77,"column":null}},"17":{"start":{"line":76,"column":4},"end":{"line":76,"column":null}},"18":{"start":{"line":79,"column":21},"end":{"line":84,"column":null}},"19":{"start":{"line":80,"column":21},"end":{"line":80,"column":null}},"20":{"start":{"line":81,"column":20},"end":{"line":81,"column":null}},"21":{"start":{"line":83,"column":4},"end":{"line":83,"column":null}},"22":{"start":{"line":86,"column":19},"end":{"line":90,"column":null}},"23":{"start":{"line":87,"column":4},"end":{"line":89,"column":null}},"24":{"start":{"line":92,"column":23},"end":{"line":98,"column":null}},"25":{"start":{"line":93,"column":4},"end":{"line":97,"column":null}},"26":{"start":{"line":100,"column":15},"end":{"line":104,"column":null}},"27":{"start":{"line":101,"column":17},"end":{"line":101,"column":null}},"28":{"start":{"line":103,"column":4},"end":{"line":103,"column":null}},"29":{"start":{"line":106,"column":19},"end":{"line":114,"column":null}},"30":{"start":{"line":107,"column":21},"end":{"line":107,"column":null}},"31":{"start":{"line":109,"column":4},"end":{"line":111,"column":null}},"32":{"start":{"line":110,"column":6},"end":{"line":110,"column":null}},"33":{"start":{"line":113,"column":4},"end":{"line":113,"column":null}},"34":{"start":{"line":116,"column":15},"end":{"line":116,"column":null}},"35":{"start":{"line":116,"column":31},"end":{"line":116,"column":76}},"36":{"start":{"line":119,"column":4},"end":{"line":119,"column":null}},"37":{"start":{"line":123,"column":4},"end":{"line":125,"column":null}},"38":{"start":{"line":124,"column":6},"end":{"line":124,"column":null}},"39":{"start":{"line":127,"column":4},"end":{"line":127,"column":null}},"40":{"start":{"line":129,"column":4},"end":{"line":131,"column":null}},"41":{"start":{"line":130,"column":6},"end":{"line":130,"column":null}},"42":{"start":{"line":133,"column":4},"end":{"line":135,"column":null}},"43":{"start":{"line":134,"column":6},"end":{"line":134,"column":null}},"44":{"start":{"line":139,"column":4},"end":{"line":139,"column":null}},"45":{"start":{"line":141,"column":4},"end":{"line":143,"column":null}},"46":{"start":{"line":142,"column":6},"end":{"line":142,"column":null}},"47":{"start":{"line":146,"column":22},"end":{"line":159,"column":null}},"48":{"start":{"line":161,"column":2},"end":{"line":164,"column":null}}},"fnMap":{"0":{"name":"useButton","decl":{"start":{"line":47,"column":16},"end":{"line":47,"column":26}},"loc":{"start":{"line":47,"column":78},"end":{"line":165,"column":null}}},"1":{"name":"(anonymous_1)","decl":{"start":{"line":57,"column":35},"end":{"line":57,"column":41}},"loc":{"start":{"line":57,"column":41},"end":{"line":57,"column":67}}},"2":{"name":"(anonymous_2)","decl":{"start":{"line":59,"column":22},"end":{"line":59,"column":28}},"loc":{"start":{"line":59,"column":28},"end":{"line":63,"column":3}}},"3":{"name":"(anonymous_3)","decl":{"start":{"line":65,"column":43},"end":{"line":65,"column":49}},"loc":{"start":{"line":65,"column":49},"end":{"line":73,"column":3}}},"4":{"name":"(anonymous_4)","decl":{"start":{"line":75,"column":45},"end":{"line":75,"column":null}},"loc":{"start":{"line":76,"column":4},"end":{"line":76,"column":null}}},"5":{"name":"(anonymous_5)","decl":{"start":{"line":79,"column":39},"end":{"line":79,"column":45}},"loc":{"start":{"line":79,"column":45},"end":{"line":84,"column":3}}},"6":{"name":"(anonymous_6)","decl":{"start":{"line":86,"column":46},"end":{"line":86,"column":52}},"loc":{"start":{"line":86,"column":52},"end":{"line":90,"column":3}}},"7":{"name":"(anonymous_7)","decl":{"start":{"line":92,"column":50},"end":{"line":92,"column":56}},"loc":{"start":{"line":92,"column":56},"end":{"line":98,"column":3}}},"8":{"name":"(anonymous_8)","decl":{"start":{"line":100,"column":24},"end":{"line":100,"column":30}},"loc":{"start":{"line":100,"column":30},"end":{"line":104,"column":3}}},"9":{"name":"(anonymous_9)","decl":{"start":{"line":106,"column":28},"end":{"line":106,"column":34}},"loc":{"start":{"line":106,"column":34},"end":{"line":114,"column":3}}},"10":{"name":"(anonymous_10)","decl":{"start":{"line":116,"column":24},"end":{"line":116,"column":31}},"loc":{"start":{"line":116,"column":31},"end":{"line":116,"column":76}}},"11":{"name":"handleMouseClickEvent","decl":{"start":{"line":118,"column":11},"end":{"line":118,"column":33}},"loc":{"start":{"line":118,"column":52},"end":{"line":120,"column":null}}},"12":{"name":"handleKeyDownEvent","decl":{"start":{"line":122,"column":11},"end":{"line":122,"column":30}},"loc":{"start":{"line":122,"column":52},"end":{"line":136,"column":null}}},"13":{"name":"handleKeyUpEvent","decl":{"start":{"line":138,"column":11},"end":{"line":138,"column":28}},"loc":{"start":{"line":138,"column":50},"end":{"line":144,"column":null}}}},"branchMap":{"0":{"loc":{"start":{"line":47,"column":26},"end":{"line":47,"column":78}},"type":"default-arg","locations":[{"start":{"line":47,"column":52},"end":{"line":47,"column":78}}]},"1":{"loc":{"start":{"line":57,"column":41},"end":{"line":57,"column":67}},"type":"binary-expr","locations":[{"start":{"line":57,"column":41},"end":{"line":57,"column":57}},{"start":{"line":57,"column":57},"end":{"line":57,"column":67}}]},"2":{"loc":{"start":{"line":62,"column":11},"end":{"line":62,"column":null}},"type":"cond-expr","locations":[{"start":{"line":62,"column":26},"end":{"line":62,"column":32}},{"start":{"line":62,"column":32},"end":{"line":62,"column":null}}]},"3":{"loc":{"start":{"line":62,"column":32},"end":{"line":62,"column":null}},"type":"binary-expr","locations":[{"start":{"line":62,"column":32},"end":{"line":62,"column":38}},{"start":{"line":62,"column":38},"end":{"line":62,"column":null}}]},"4":{"loc":{"start":{"line":70,"column":6},"end":{"line":70,"column":null}},"type":"binary-expr","locations":[{"start":{"line":70,"column":6},"end":{"line":70,"column":30}},{"start":{"line":70,"column":30},"end":{"line":70,"column":null}}]},"5":{"loc":{"start":{"line":72,"column":11},"end":{"line":72,"column":null}},"type":"binary-expr","locations":[{"start":{"line":72,"column":11},"end":{"line":72,"column":23}},{"start":{"line":72,"column":23},"end":{"line":72,"column":null}}]},"6":{"loc":{"start":{"line":76,"column":4},"end":{"line":76,"column":null}},"type":"cond-expr","locations":[{"start":{"line":76,"column":44},"end":{"line":76,"column":51}},{"start":{"line":76,"column":51},"end":{"line":76,"column":null}}]},"7":{"loc":{"start":{"line":76,"column":4},"end":{"line":76,"column":44}},"type":"binary-expr","locations":[{"start":{"line":76,"column":4},"end":{"line":76,"column":29}},{"start":{"line":76,"column":29},"end":{"line":76,"column":44}}]},"8":{"loc":{"start":{"line":83,"column":11},"end":{"line":83,"column":null}},"type":"binary-expr","locations":[{"start":{"line":83,"column":11},"end":{"line":83,"column":25}},{"start":{"line":83,"column":25},"end":{"line":83,"column":null}}]},"9":{"loc":{"start":{"line":87,"column":11},"end":{"line":89,"column":null}},"type":"cond-expr","locations":[{"start":{"line":88,"column":8},"end":{"line":88,"column":null}},{"start":{"line":89,"column":8},"end":{"line":89,"column":null}}]},"10":{"loc":{"start":{"line":87,"column":11},"end":{"line":87,"column":null}},"type":"binary-expr","locations":[{"start":{"line":87,"column":11},"end":{"line":87,"column":31}},{"start":{"line":87,"column":31},"end":{"line":87,"column":55}},{"start":{"line":87,"column":55},"end":{"line":87,"column":null}}]},"11":{"loc":{"start":{"line":93,"column":11},"end":{"line":97,"column":null}},"type":"cond-expr","locations":[{"start":{"line":96,"column":8},"end":{"line":96,"column":null}},{"start":{"line":97,"column":8},"end":{"line":97,"column":null}}]},"12":{"loc":{"start":{"line":93,"column":11},"end":{"line":95,"column":null}},"type":"binary-expr","locations":[{"start":{"line":93,"column":11},"end":{"line":93,"column":null}},{"start":{"line":94,"column":8},"end":{"line":94,"column":32}},{"start":{"line":94,"column":32},"end":{"line":94,"column":null}},{"start":{"line":95,"column":8},"end":{"line":95,"column":null}}]},"13":{"loc":{"start":{"line":103,"column":11},"end":{"line":103,"column":null}},"type":"cond-expr","locations":[{"start":{"line":103,"column":34},"end":{"line":103,"column":53}},{"start":{"line":103,"column":53},"end":{"line":103,"column":null}}]},"14":{"loc":{"start":{"line":103,"column":34},"end":{"line":103,"column":53}},"type":"binary-expr","locations":[{"start":{"line":103,"column":34},"end":{"line":103,"column":42}},{"start":{"line":103,"column":42},"end":{"line":103,"column":53}}]},"15":{"loc":{"start":{"line":109,"column":4},"end":{"line":111,"column":null}},"type":"if","locations":[{"start":{"line":109,"column":4},"end":{"line":111,"column":null}},{"start":{"line":109,"column":4},"end":{"line":111,"column":null}}]},"16":{"loc":{"start":{"line":113,"column":11},"end":{"line":113,"column":null}},"type":"cond-expr","locations":[{"start":{"line":113,"column":57},"end":{"line":113,"column":73}},{"start":{"line":113,"column":73},"end":{"line":113,"column":null}}]},"17":{"loc":{"start":{"line":113,"column":11},"end":{"line":113,"column":57}},"type":"binary-expr","locations":[{"start":{"line":113,"column":11},"end":{"line":113,"column":37}},{"start":{"line":113,"column":37},"end":{"line":113,"column":57}}]},"18":{"loc":{"start":{"line":113,"column":57},"end":{"line":113,"column":73}},"type":"binary-expr","locations":[{"start":{"line":113,"column":57},"end":{"line":113,"column":69}},{"start":{"line":113,"column":69},"end":{"line":113,"column":73}}]},"19":{"loc":{"start":{"line":116,"column":31},"end":{"line":116,"column":76}},"type":"cond-expr","locations":[{"start":{"line":116,"column":55},"end":{"line":116,"column":66}},{"start":{"line":116,"column":66},"end":{"line":116,"column":76}}]},"20":{"loc":{"start":{"line":119,"column":4},"end":{"line":119,"column":null}},"type":"binary-expr","locations":[{"start":{"line":119,"column":4},"end":{"line":119,"column":25}},{"start":{"line":119,"column":25},"end":{"line":119,"column":null}}]},"21":{"loc":{"start":{"line":123,"column":4},"end":{"line":125,"column":null}},"type":"if","locations":[{"start":{"line":123,"column":4},"end":{"line":125,"column":null}},{"start":{"line":123,"column":4},"end":{"line":125,"column":null}}]},"22":{"loc":{"start":{"line":123,"column":8},"end":{"line":123,"column":50}},"type":"binary-expr","locations":[{"start":{"line":123,"column":8},"end":{"line":123,"column":32}},{"start":{"line":123,"column":32},"end":{"line":123,"column":50}}]},"23":{"loc":{"start":{"line":129,"column":4},"end":{"line":131,"column":null}},"type":"if","locations":[{"start":{"line":129,"column":4},"end":{"line":131,"column":null}},{"start":{"line":129,"column":4},"end":{"line":131,"column":null}}]},"24":{"loc":{"start":{"line":133,"column":4},"end":{"line":135,"column":null}},"type":"if","locations":[{"start":{"line":133,"column":4},"end":{"line":135,"column":null}},{"start":{"line":133,"column":4},"end":{"line":135,"column":null}}]},"25":{"loc":{"start":{"line":141,"column":4},"end":{"line":143,"column":null}},"type":"if","locations":[{"start":{"line":141,"column":4},"end":{"line":143,"column":null}},{"start":{"line":141,"column":4},"end":{"line":143,"column":null}}]},"26":{"loc":{"start":{"line":141,"column":8},"end":{"line":141,"column":73}},"type":"binary-expr","locations":[{"start":{"line":141,"column":8},"end":{"line":141,"column":33}},{"start":{"line":141,"column":33},"end":{"line":141,"column":54}},{"start":{"line":141,"column":54},"end":{"line":141,"column":73}}]}},"s":{"0":44,"1":44,"2":44,"3":44,"4":44,"5":44,"6":44,"7":44,"8":44,"9":44,"10":44,"11":44,"12":44,"13":44,"14":44,"15":44,"16":44,"17":45,"18":44,"19":44,"20":44,"21":44,"22":44,"23":44,"24":44,"25":44,"26":44,"27":44,"28":44,"29":44,"30":44,"31":44,"32":34,"33":10,"34":44,"35":44,"36":2,"37":4,"38":2,"39":2,"40":2,"41":1,"42":2,"43":1,"44":2,"45":2,"46":1,"47":44,"48":44},"f":{"0":44,"1":44,"2":44,"3":44,"4":45,"5":44,"6":44,"7":44,"8":44,"9":44,"10":44,"11":2,"12":4,"13":2},"b":{"0":[0],"1":[44,36],"2":[8,36],"3":[36,0],"4":[44,0],"5":[44,10],"6":[0,45],"7":[45,11],"8":[44,33],"9":[3,41],"10":[44,12,9],"11":[9,35],"12":[44,12,9,6],"13":[34,10],"14":[34,34],"15":[34,10],"16":[7,3],"17":[10,10],"18":[7,7],"19":[10,34],"20":[2,1],"21":[2,2],"22":[4,4],"23":[1,1],"24":[1,1],"25":[1,1],"26":[2,2,1]}}
,"/home/michael/dev/x_project/ui/src/components/button/utils/build_button_classes.ts": {"path":"/home/michael/dev/x_project/ui/src/components/button/utils/build_button_classes.ts","statementMap":{"0":{"start":{"line":39,"column":2},"end":{"line":54,"column":null}}},"fnMap":{"0":{"name":"buildButtonClasses","decl":{"start":{"line":30,"column":16},"end":{"line":30,"column":35}},"loc":{"start":{"line":38,"column":42},"end":{"line":55,"column":null}}}},"branchMap":{"0":{"loc":{"start":{"line":30,"column":35},"end":{"line":38,"column":42}},"type":"default-arg","locations":[{"start":{"line":38,"column":30},"end":{"line":38,"column":42}}]},"1":{"loc":{"start":{"line":31,"column":2},"end":{"line":31,"column":null}},"type":"default-arg","locations":[{"start":{"line":31,"column":9},"end":{"line":31,"column":null}}]},"2":{"loc":{"start":{"line":32,"column":2},"end":{"line":32,"column":null}},"type":"default-arg","locations":[{"start":{"line":32,"column":12},"end":{"line":32,"column":null}}]},"3":{"loc":{"start":{"line":33,"column":2},"end":{"line":33,"column":null}},"type":"default-arg","locations":[{"start":{"line":33,"column":10},"end":{"line":33,"column":null}}]},"4":{"loc":{"start":{"line":34,"column":2},"end":{"line":34,"column":null}},"type":"default-arg","locations":[{"start":{"line":34,"column":14},"end":{"line":34,"column":null}}]},"5":{"loc":{"start":{"line":35,"column":2},"end":{"line":35,"column":null}},"type":"default-arg","locations":[{"start":{"line":35,"column":12},"end":{"line":35,"column":null}}]},"6":{"loc":{"start":{"line":36,"column":2},"end":{"line":36,"column":null}},"type":"default-arg","locations":[{"start":{"line":36,"column":12},"end":{"line":36,"column":null}}]},"7":{"loc":{"start":{"line":37,"column":2},"end":{"line":37,"column":null}},"type":"default-arg","locations":[{"start":{"line":37,"column":16},"end":{"line":37,"column":null}}]},"8":{"loc":{"start":{"line":49,"column":33},"end":{"line":49,"column":null}},"type":"binary-expr","locations":[{"start":{"line":49,"column":33},"end":{"line":49,"column":46}},{"start":{"line":49,"column":46},"end":{"line":49,"column":null}}]},"9":{"loc":{"start":{"line":50,"column":36},"end":{"line":50,"column":null}},"type":"binary-expr","locations":[{"start":{"line":50,"column":36},"end":{"line":50,"column":50}},{"start":{"line":50,"column":50},"end":{"line":50,"column":null}}]}},"s":{"0":68},"f":{"0":68},"b":{"0":[4],"1":[19],"2":[12],"3":[12],"4":[23],"5":[23],"6":[24],"7":[23],"8":[68,2],"9":[68,66]}}
,"/home/michael/dev/x_project/ui/src/components/icon/constants.ts": {"path":"/home/michael/dev/x_project/ui/src/components/icon/constants.ts","statementMap":{"0":{"start":{"line":3,"column":26},"end":{"line":3,"column":null}},"1":{"start":{"line":5,"column":26},"end":{"line":5,"column":null}},"2":{"start":{"line":8,"column":26},"end":{"line":8,"column":null}},"3":{"start":{"line":11,"column":33},"end":{"line":15,"column":null}}},"fnMap":{},"branchMap":{},"s":{"0":1,"1":1,"2":1,"3":1},"f":{},"b":{}}
,"/home/michael/dev/x_project/ui/src/components/icon/icon.vue": {"path":"/home/michael/dev/x_project/ui/src/components/icon/icon.vue","statementMap":{"0":{"start":{"line":11,"column":14},"end":{"line":11,"column":null}},"1":{"start":{"line":26,"column":13},"end":{"line":26,"column":null}},"2":{"start":{"line":26,"column":28},"end":{"line":26,"column":57}},"3":{"start":{"line":27,"column":18},"end":{"line":27,"column":null}},"4":{"start":{"line":27,"column":33},"end":{"line":27,"column":62}},"5":{"start":{"line":28,"column":19},"end":{"line":30,"column":null}},"6":{"start":{"line":29,"column":2},"end":{"line":29,"column":null}},"7":{"start":{"line":1,"column":0},"end":{"line":1,"column":null}},"8":{"start":{"line":34,"column":2},"end":{"line":1,"column":null}}},"fnMap":{"0":{"name":"(anonymous_3)","decl":{"start":{"line":26,"column":22},"end":{"line":26,"column":28}},"loc":{"start":{"line":26,"column":28},"end":{"line":26,"column":57}}},"1":{"name":"(anonymous_4)","decl":{"start":{"line":27,"column":27},"end":{"line":27,"column":33}},"loc":{"start":{"line":27,"column":33},"end":{"line":27,"column":62}}},"2":{"name":"(anonymous_5)","decl":{"start":{"line":28,"column":46},"end":{"line":28,"column":null}},"loc":{"start":{"line":29,"column":2},"end":{"line":29,"column":null}}}},"branchMap":{"0":{"loc":{"start":{"line":29,"column":2},"end":{"line":29,"column":null}},"type":"cond-expr","locations":[{"start":{"line":29,"column":21},"end":{"line":29,"column":28}},{"start":{"line":29,"column":28},"end":{"line":29,"column":null}}]}},"s":{"0":4,"1":4,"2":4,"3":4,"4":4,"5":4,"6":4,"7":2,"8":4},"f":{"0":4,"1":4,"2":4},"b":{"0":[4,0]}}
,"/home/michael/dev/x_project/ui/src/components/loading/constants.ts": {"path":"/home/michael/dev/x_project/ui/src/components/loading/constants.ts","statementMap":{"0":{"start":{"line":1,"column":29},"end":{"line":1,"column":null}},"1":{"start":{"line":4,"column":68},"end":{"line":10,"column":null}},"2":{"start":{"line":12,"column":37},"end":{"line":12,"column":null}}},"fnMap":{},"branchMap":{},"s":{"0":1,"1":1,"2":1},"f":{},"b":{}}
,"/home/michael/dev/x_project/ui/src/components/loading/loading.vue": {"path":"/home/michael/dev/x_project/ui/src/components/loading/loading.vue","statementMap":{"0":{"start":{"line":10,"column":14},"end":{"line":10,"column":null}},"1":{"start":{"line":24,"column":18},"end":{"line":24,"column":null}},"2":{"start":{"line":24,"column":33},"end":{"line":24,"column":66}},"3":{"start":{"line":1,"column":0},"end":{"line":1,"column":null}},"4":{"start":{"line":28,"column":2},"end":{"line":1,"column":null}}},"fnMap":{"0":{"name":"(anonymous_2)","decl":{"start":{"line":24,"column":27},"end":{"line":24,"column":33}},"loc":{"start":{"line":24,"column":33},"end":{"line":24,"column":66}}}},"branchMap":{},"s":{"0":1,"1":1,"2":1,"3":1,"4":1},"f":{"0":1},"b":{}}
,"/home/michael/dev/x_project/ui/src/components/tooltip/tooltip.vue": {"path":"/home/michael/dev/x_project/ui/src/components/tooltip/tooltip.vue","statementMap":{"0":{"start":{"line":21,"column":14},"end":{"line":21,"column":null}},"1":{"start":{"line":23,"column":14},"end":{"line":23,"column":null}},"2":{"start":{"line":25,"column":18},"end":{"line":25,"column":null}},"3":{"start":{"line":26,"column":17},"end":{"line":26,"column":null}},"4":{"start":{"line":27,"column":22},"end":{"line":27,"column":null}},"5":{"start":{"line":29,"column":15},"end":{"line":29,"column":null}},"6":{"start":{"line":35,"column":4},"end":{"line":44,"column":null}},"7":{"start":{"line":46,"column":23},"end":{"line":48,"column":null}},"8":{"start":{"line":47,"column":2},"end":{"line":47,"column":null}},"9":{"start":{"line":50,"column":32},"end":{"line":52,"column":null}},"10":{"start":{"line":51,"column":2},"end":{"line":51,"column":null}},"11":{"start":{"line":54,"column":32},"end":{"line":56,"column":null}},"12":{"start":{"line":55,"column":2},"end":{"line":55,"column":null}},"13":{"start":{"line":1,"column":0},"end":{"line":1,"column":null}}},"fnMap":{"0":{"name":"(anonymous_1)","decl":{"start":{"line":46,"column":23},"end":{"line":46,"column":24}},"loc":{"start":{"line":46,"column":44},"end":{"line":48,"column":null}}},"1":{"name":"(anonymous_2)","decl":{"start":{"line":50,"column":32},"end":{"line":50,"column":38}},"loc":{"start":{"line":50,"column":38},"end":{"line":52,"column":null}}},"2":{"name":"(anonymous_3)","decl":{"start":{"line":54,"column":32},"end":{"line":54,"column":38}},"loc":{"start":{"line":54,"column":38},"end":{"line":56,"column":null}}}},"branchMap":{"0":{"loc":{"start":{"line":60,"column":18},"end":{"line":1,"column":null}},"type":"cond-expr","locations":[{"start":{"line":60,"column":30},"end":{"line":1,"column":null}},{"start":{"line":1,"column":0},"end":{"line":1,"column":null}}]},"1":{"loc":{"start":{"line":60,"column":18},"end":{"line":60,"column":37}},"type":"binary-expr","locations":[{"start":{"line":60,"column":18},"end":{"line":60,"column":24}},{"start":{"line":60,"column":24},"end":{"line":60,"column":37}}]},"2":{"loc":{"start":{"line":72,"column":46},"end":{"line":72,"column":171}},"type":"cond-expr","locations":[{"start":{"line":72,"column":69},"end":{"line":72,"column":171}},{"start":{"line":72,"column":119},"end":{"line":72,"column":171}}]},"3":{"loc":{"start":{"line":72,"column":171},"end":{"line":72,"column":null}},"type":"cond-expr","locations":[{"start":{"line":72,"column":194},"end":{"line":72,"column":null}},{"start":{"line":72,"column":244},"end":{"line":72,"column":null}}]},"4":{"loc":{"start":{"line":87,"column":12},"end":{"line":87,"column":null}},"type":"cond-expr","locations":[{"start":{"line":87,"column":21},"end":{"line":87,"column":33}},{"start":{"line":87,"column":33},"end":{"line":87,"column":null}}]}},"s":{"0":44,"1":44,"2":44,"3":44,"4":44,"5":44,"6":44,"7":44,"8":44,"9":44,"10":0,"11":44,"12":0,"13":1},"f":{"0":44,"1":0,"2":0},"b":{"0":[0,44],"1":[44,0],"2":[0,0],"3":[0,0],"4":[0,44]}}
,"/home/michael/dev/x_project/ui/src/components/tooltip/tooltip_arrow.vue": {"path":"/home/michael/dev/x_project/ui/src/components/tooltip/tooltip_arrow.vue","statementMap":{"0":{"start":{"line":9,"column":14},"end":{"line":9,"column":null}},"1":{"start":{"line":11,"column":18},"end":{"line":11,"column":null}},"2":{"start":{"line":11,"column":33},"end":{"line":11,"column":57}},"3":{"start":{"line":13,"column":23},"end":{"line":17,"column":null}},"4":{"start":{"line":14,"column":2},"end":{"line":16,"column":null}},"5":{"start":{"line":15,"column":4},"end":{"line":15,"column":null}}},"fnMap":{"0":{"name":"(anonymous_1)","decl":{"start":{"line":11,"column":27},"end":{"line":11,"column":33}},"loc":{"start":{"line":11,"column":33},"end":{"line":11,"column":57}}},"1":{"name":"(anonymous_2)","decl":{"start":{"line":13,"column":32},"end":{"line":13,"column":38}},"loc":{"start":{"line":13,"column":38},"end":{"line":17,"column":1}}}},"branchMap":{"0":{"loc":{"start":{"line":14,"column":2},"end":{"line":16,"column":null}},"type":"if","locations":[{"start":{"line":14,"column":2},"end":{"line":16,"column":null}},{"start":{"line":14,"column":2},"end":{"line":16,"column":null}}]}},"s":{"0":0,"1":0,"2":0,"3":0,"4":0,"5":0},"f":{"0":0,"1":0},"b":{"0":[0,0]}}
,"/home/michael/dev/x_project/ui/src/utils/constants.ts": {"path":"/home/michael/dev/x_project/ui/src/utils/constants.ts","statementMap":{"0":{"start":{"line":1,"column":30},"end":{"line":7,"column":null}},"1":{"start":{"line":10,"column":2},"end":{"line":10,"column":null}}},"fnMap":{},"branchMap":{},"s":{"0":1,"1":1},"f":{},"b":{}}
,"/home/michael/dev/x_project/ui/src/utils/contains.ts": {"path":"/home/michael/dev/x_project/ui/src/utils/contains.ts","statementMap":{"0":{"start":{"line":5,"column":2},"end":{"line":5,"column":null}},"1":{"start":{"line":5,"column":27},"end":{"line":5,"column":40}}},"fnMap":{"0":{"name":"contains","decl":{"start":{"line":1,"column":16},"end":{"line":1,"column":null}},"loc":{"start":{"line":4,"column":19},"end":{"line":6,"column":null}}},"1":{"name":"(anonymous_1)","decl":{"start":{"line":5,"column":18},"end":{"line":5,"column":19}},"loc":{"start":{"line":5,"column":27},"end":{"line":5,"column":40}}}},"branchMap":{},"s":{"0":141,"1":1271},"f":{"0":141,"1":1271},"b":{}}
,"/home/michael/dev/x_project/ui/src/utils/isEmpty.ts": {"path":"/home/michael/dev/x_project/ui/src/utils/isEmpty.ts","statementMap":{"0":{"start":{"line":4,"column":2},"end":{"line":4,"column":null}},"1":{"start":{"line":8,"column":2},"end":{"line":34,"column":null}},"2":{"start":{"line":9,"column":4},"end":{"line":11,"column":null}},"3":{"start":{"line":10,"column":6},"end":{"line":10,"column":null}},"4":{"start":{"line":13,"column":4},"end":{"line":15,"column":null}},"5":{"start":{"line":14,"column":6},"end":{"line":14,"column":null}},"6":{"start":{"line":17,"column":4},"end":{"line":19,"column":null}},"7":{"start":{"line":18,"column":6},"end":{"line":18,"column":null}},"8":{"start":{"line":21,"column":4},"end":{"line":31,"column":null}},"9":{"start":{"line":22,"column":6},"end":{"line":24,"column":null}},"10":{"start":{"line":23,"column":8},"end":{"line":23,"column":null}},"11":{"start":{"line":26,"column":6},"end":{"line":28,"column":null}},"12":{"start":{"line":27,"column":8},"end":{"line":27,"column":null}},"13":{"start":{"line":30,"column":6},"end":{"line":30,"column":null}},"14":{"start":{"line":33,"column":4},"end":{"line":33,"column":null}}},"fnMap":{"0":{"name":"isPrimitive","decl":{"start":{"line":3,"column":9},"end":{"line":3,"column":21}},"loc":{"start":{"line":3,"column":73},"end":{"line":5,"column":null}}},"1":{"name":"isEmpty","decl":{"start":{"line":7,"column":16},"end":{"line":7,"column":24}},"loc":{"start":{"line":7,"column":61},"end":{"line":35,"column":null}}},"2":{"name":"(anonymous_2)","decl":{"start":{"line":8,"column":22},"end":{"line":8,"column":23}},"loc":{"start":{"line":8,"column":33},"end":{"line":34,"column":3}}}},"branchMap":{"0":{"loc":{"start":{"line":9,"column":4},"end":{"line":11,"column":null}},"type":"if","locations":[{"start":{"line":9,"column":4},"end":{"line":11,"column":null}},{"start":{"line":9,"column":4},"end":{"line":11,"column":null}}]},"1":{"loc":{"start":{"line":13,"column":4},"end":{"line":15,"column":null}},"type":"if","locations":[{"start":{"line":13,"column":4},"end":{"line":15,"column":null}},{"start":{"line":13,"column":4},"end":{"line":15,"column":null}}]},"2":{"loc":{"start":{"line":17,"column":4},"end":{"line":19,"column":null}},"type":"if","locations":[{"start":{"line":17,"column":4},"end":{"line":19,"column":null}},{"start":{"line":17,"column":4},"end":{"line":19,"column":null}}]},"3":{"loc":{"start":{"line":17,"column":8},"end":{"line":17,"column":49}},"type":"binary-expr","locations":[{"start":{"line":17,"column":8},"end":{"line":17,"column":25}},{"start":{"line":17,"column":25},"end":{"line":17,"column":49}}]},"4":{"loc":{"start":{"line":21,"column":4},"end":{"line":31,"column":null}},"type":"if","locations":[{"start":{"line":21,"column":4},"end":{"line":31,"column":null}},{"start":{"line":21,"column":4},"end":{"line":31,"column":null}}]},"5":{"loc":{"start":{"line":22,"column":6},"end":{"line":24,"column":null}},"type":"if","locations":[{"start":{"line":22,"column":6},"end":{"line":24,"column":null}},{"start":{"line":22,"column":6},"end":{"line":24,"column":null}}]},"6":{"loc":{"start":{"line":26,"column":6},"end":{"line":28,"column":null}},"type":"if","locations":[{"start":{"line":26,"column":6},"end":{"line":28,"column":null}},{"start":{"line":26,"column":6},"end":{"line":28,"column":null}}]}},"s":{"0":3,"1":3,"2":3,"3":0,"4":3,"5":0,"6":3,"7":1,"8":2,"9":1,"10":1,"11":0,"12":0,"13":0,"14":1},"f":{"0":3,"1":3,"2":3},"b":{"0":[0,3],"1":[0,3],"2":[1,2],"3":[3,3],"4":[1,1],"5":[1,0],"6":[0,0]}}
}
